ERROR - 2021-10-12 06:26:17 --> Error connecting to the database: Access denied for user ''@'localhost' (using password: NO)
ERROR - 2021-10-12 06:40:26 --> Error connecting to the database: Access denied for user '****'@'localhost' (using password: NO)
ERROR - 2021-10-12 06:42:09 --> Error connecting to the database: Access denied for user '****'@'localhost' (using password: NO)
ERROR - 2021-10-12 06:45:05 --> Error connecting to the database: Access denied for user '****'@'localhost' (using password: NO)
ERROR - 2021-10-12 06:51:46 --> Error connecting to the database: Access denied for user '****'@'localhost' (using password: NO)
ERROR - 2021-10-12 07:01:02 --> Error connecting to the database: Access denied for user '****'@'localhost' (using password: NO)
ERROR - 2021-10-12 07:02:07 --> Error connecting to the database: Access denied for user '****'@'localhost' (using password: NO)
ERROR - 2021-10-12 07:06:27 --> Error connecting to the database: Access denied for user '****'@'localhost' (using password: NO)
ERROR - 2021-10-12 07:06:39 --> Error connecting to the database: Access denied for user '****'@'localhost' (using password: NO)
ERROR - 2021-10-12 07:07:36 --> Error connecting to the database: Access denied for user '****'@'localhost' (using password: NO)
ERROR - 2021-10-12 07:19:57 --> Error connecting to the database: Access denied for user '****'@'localhost' (using password: NO)
CRITICAL - 2021-10-12 07:25:28 --> Class 'app\Controllers\BaseController' not found
#0 C:\xampp\htdocs\web programming 2\pustaka_12200946\vendor\codeigniter4\framework\system\Autoloader\Autoloader.php(264): include_once()
#1 C:\xampp\htdocs\web programming 2\pustaka_12200946\vendor\codeigniter4\framework\system\Autoloader\Autoloader.php(241): CodeIgniter\Autoloader\Autoloader->includeFile('C:\\xampp\\htdocs...')
#2 C:\xampp\htdocs\web programming 2\pustaka_12200946\vendor\codeigniter4\framework\system\Autoloader\Autoloader.php(219): CodeIgniter\Autoloader\Autoloader->loadInNamespace('App\\Controllers...')
#3 [internal function]: CodeIgniter\Autoloader\Autoloader->loadClass('App\\Controllers...')
#4 [internal function]: spl_autoload_call('App\\Controllers...')
#5 C:\xampp\htdocs\web programming 2\pustaka_12200946\vendor\codeigniter4\framework\system\CodeIgniter.php(767): class_exists('\\App\\Controller...', true)
#6 C:\xampp\htdocs\web programming 2\pustaka_12200946\vendor\codeigniter4\framework\system\CodeIgniter.php(386): CodeIgniter\CodeIgniter->startController()
#7 C:\xampp\htdocs\web programming 2\pustaka_12200946\vendor\codeigniter4\framework\system\CodeIgniter.php(317): CodeIgniter\CodeIgniter->handleRequest(NULL, Object(Config\Cache), false)
#8 C:\xampp\htdocs\web programming 2\pustaka_12200946\public\index.php(37): CodeIgniter\CodeIgniter->run()
#9 C:\xampp\htdocs\web programming 2\pustaka_12200946\vendor\codeigniter4\framework\system\Commands\Server\rewrite.php(43): require_once('C:\\xampp\\htdocs...')
#10 {main}
ERROR - 2021-10-12 07:28:12 --> Error connecting to the database: Access denied for user '****'@'localhost' (using password: NO)
ERROR - 2021-10-12 07:29:15 --> Error connecting to the database: Access denied for user '****'@'localhost' (using password: NO)
ERROR - 2021-10-12 07:33:15 --> Error connecting to the database: Access denied for user '****'@'localhost' (using password: NO)
ERROR - 2021-10-12 07:34:39 --> Error connecting to the database: Access denied for user '****'@'localhost' (using password: NO)
ERROR - 2021-10-12 07:42:13 --> Error connecting to the database: Access denied for user '****'@'localhost' (using password: NO)
ERROR - 2021-10-12 07:46:40 --> Error connecting to the database: Access denied for user '****'@'localhost' (using password: NO)
ERROR - 2021-10-12 07:46:47 --> Error connecting to the database: Access denied for user '****'@'localhost' (using password: NO)
ERROR - 2021-10-12 07:48:34 --> Error connecting to the database: Access denied for user '****'@'localhost' (using password: NO)
ERROR - 2021-10-12 09:35:55 --> Error connecting to the database: Access denied for user '****'@'localhost' (using password: NO)
ERROR - 2021-10-12 09:46:03 --> Error connecting to the database: Access denied for user '****'@'localhost' (using password: NO)
ERROR - 2021-10-12 09:47:01 --> Error connecting to the database: Access denied for user '****'@'localhost' (using password: NO)
ERROR - 2021-10-12 09:50:37 --> Error connecting to the database: Access denied for user '****'@'localhost' (using password: NO)
ERROR - 2021-10-12 09:51:57 --> Error connecting to the database: Access denied for user '****'@'localhost' (using password: NO)
ERROR - 2021-10-12 09:55:02 --> Error connecting to the database: Access denied for user '****'@'localhost' (using password: NO)
ERROR - 2021-10-12 09:55:14 --> Error connecting to the database: Access denied for user '****'@'localhost' (using password: NO)
ERROR - 2021-10-12 10:00:05 --> Error connecting to the database: Access denied for user '****'@'localhost' (using password: NO)
ERROR - 2021-10-12 10:00:47 --> Error connecting to the database: Access denied for user '****'@'localhost' (using password: NO)
ERROR - 2021-10-12 10:01:38 --> Error connecting to the database: Access denied for user '****'@'localhost' (using password: NO)
ERROR - 2021-10-12 23:24:58 --> Error connecting to the database: Access denied for user '****'@'localhost' (using password: NO)
